# Logfile created on Sat Feb 06 11:41:12 +0800 2010/!\ FAILSAFE /!\  Sat Feb 06 11:41:23 +0800 2010
  Status: 500 Internal Server Error
  Could not find table 'sessions'
    C:/Ruby/lib/ruby/gems/1.8/gems/activerecord-2.0.2/lib/active_record/connection_adapters/sqlite3_adapter.rb:29:in `table_structure'
    C:/Ruby/lib/ruby/gems/1.8/gems/activesupport-2.0.2/lib/active_support/core_ext/object/misc.rb:28:in `returning'
    C:/Ruby/lib/ruby/gems/1.8/gems/activerecord-2.0.2/lib/active_record/connection_adapters/sqlite3_adapter.rb:28:in `table_structure'
    C:/Ruby/lib/ruby/gems/1.8/gems/activerecord-2.0.2/lib/active_record/connection_adapters/sqlite_adapter.rb:189:in `columns'
    C:/Ruby/lib/ruby/gems/1.8/gems/activerecord-2.0.2/lib/active_record/base.rb:1080:in `columns'
    C:/Ruby/lib/ruby/gems/1.8/gems/activerecord-2.0.2/lib/active_record/base.rb:1088:in `columns_hash'
    C:/Ruby/lib/ruby/gems/1.8/gems/actionpack-2.0.2/lib/action_controller/session/active_record_store.rb:105:in `setup_sessid_compatibility!'
    C:/Ruby/lib/ruby/gems/1.8/gems/actionpack-2.0.2/lib/action_controller/session/active_record_store.rb:79:in `find_by_session_id'
    C:/Ruby/lib/ruby/gems/1.8/gems/actionpack-2.0.2/lib/action_controller/session/active_record_store.rb:284:in `initialize'
    C:/Ruby/lib/ruby/gems/1.8/gems/activerecord-2.0.2/lib/active_record/base.rb:1198:in `silence'
    C:/Ruby/lib/ruby/gems/1.8/gems/actionpack-2.0.2/lib/action_controller/session/active_record_store.rb:284:in `initialize'
    C:/Ruby/lib/ruby/1.8/cgi/session.rb:273:in `new'
    C:/Ruby/lib/ruby/1.8/cgi/session.rb:273:in `initialize_without_cgi_reader'
    C:/Ruby/lib/ruby/gems/1.8/gems/actionpack-2.0.2/lib/action_controller/cgi_ext/session.rb:39:in `initialize'
    C:/Ruby/lib/ruby/gems/1.8/gems/actionpack-2.0.2/lib/action_controller/cgi_process.rb:130:in `new'
    C:/Ruby/lib/ruby/gems/1.8/gems/actionpack-2.0.2/lib/action_controller/cgi_process.rb:130:in `session'
    C:/Ruby/lib/ruby/gems/1.8/gems/actionpack-2.0.2/lib/action_controller/cgi_process.rb:166:in `stale_session_check!'
    C:/Ruby/lib/ruby/gems/1.8/gems/actionpack-2.0.2/lib/action_controller/cgi_process.rb:114:in `session'
    C:/Ruby/lib/ruby/gems/1.8/gems/actionpack-2.0.2/lib/action_controller/base.rb:1131:in `assign_shortcuts_without_flash'
    C:/Ruby/lib/ruby/gems/1.8/gems/actionpack-2.0.2/lib/action_controller/flash.rb:167:in `assign_shortcuts'
    C:/Ruby/lib/ruby/gems/1.8/gems/actionpack-2.0.2/lib/action_controller/base.rb:518:in `process_without_filters'
    C:/Ruby/lib/ruby/gems/1.8/gems/actionpack-2.0.2/lib/action_controller/filters.rb:685:in `process_without_session_management_support'
    C:/Ruby/lib/ruby/gems/1.8/gems/actionpack-2.0.2/lib/action_controller/session_management.rb:123:in `process'
    C:/Ruby/lib/ruby/gems/1.8/gems/actionpack-2.0.2/lib/action_controller/base.rb:388:in `process'
    C:/Ruby/lib/ruby/gems/1.8/gems/actionpack-2.0.2/lib/action_controller/dispatcher.rb:171:in `handle_request'
    C:/Ruby/lib/ruby/gems/1.8/gems/actionpack-2.0.2/lib/action_controller/dispatcher.rb:115:in `dispatch'
    C:/Ruby/lib/ruby/gems/1.8/gems/actionpack-2.0.2/lib/action_controller/dispatcher.rb:126:in `dispatch_cgi'
    C:/Ruby/lib/ruby/gems/1.8/gems/actionpack-2.0.2/lib/action_controller/dispatcher.rb:9:in `dispatch'
    C:/Ruby/lib/ruby/gems/1.8/gems/rails-2.0.2/lib/webrick_server.rb:112:in `handle_dispatch'
    C:/Ruby/lib/ruby/gems/1.8/gems/rails-2.0.2/lib/webrick_server.rb:78:in `service'
    C:/Ruby/lib/ruby/1.8/webrick/httpserver.rb:104:in `service'
    C:/Ruby/lib/ruby/1.8/webrick/httpserver.rb:65:in `run'
    C:/Ruby/lib/ruby/1.8/webrick/server.rb:173:in `start_thread'
    C:/Ruby/lib/ruby/1.8/webrick/server.rb:162:in `start'
    C:/Ruby/lib/ruby/1.8/webrick/server.rb:162:in `start_thread'
    C:/Ruby/lib/ruby/1.8/webrick/server.rb:95:in `start'
    C:/Ruby/lib/ruby/1.8/webrick/server.rb:92:in `each'
    C:/Ruby/lib/ruby/1.8/webrick/server.rb:92:in `start'
    C:/Ruby/lib/ruby/1.8/webrick/server.rb:23:in `start'
    C:/Ruby/lib/ruby/1.8/webrick/server.rb:82:in `start'
    C:/Ruby/lib/ruby/gems/1.8/gems/rails-2.0.2/lib/webrick_server.rb:62:in `dispatch'
    C:/Ruby/lib/ruby/gems/1.8/gems/rails-2.0.2/lib/commands/servers/webrick.rb:66
    C:/Ruby/lib/ruby/site_ruby/1.8/rubygems/custom_require.rb:31:in `gem_original_require'
    C:/Ruby/lib/ruby/site_ruby/1.8/rubygems/custom_require.rb:31:in `require'
    C:/Ruby/lib/ruby/gems/1.8/gems/activesupport-2.0.2/lib/active_support/dependencies.rb:496:in `require'
    C:/Ruby/lib/ruby/gems/1.8/gems/activesupport-2.0.2/lib/active_support/dependencies.rb:342:in `new_constants_in'
    C:/Ruby/lib/ruby/gems/1.8/gems/activesupport-2.0.2/lib/active_support/dependencies.rb:496:in `require'
    C:/Ruby/lib/ruby/gems/1.8/gems/rails-2.0.2/lib/commands/server.rb:39
    C:/Ruby/lib/ruby/site_ruby/1.8/rubygems/custom_require.rb:31:in `gem_original_require'
    C:/Ruby/lib/ruby/site_ruby/1.8/rubygems/custom_require.rb:31:in `require'
    script/server:3
/!\ FAILSAFE /!\  Sat Feb 06 11:41:26 +0800 2010
  Status: 500 Internal Server Error
  Could not find table 'sessions'
    C:/Ruby/lib/ruby/gems/1.8/gems/activerecord-2.0.2/lib/active_record/connection_adapters/sqlite3_adapter.rb:29:in `table_structure'
    C:/Ruby/lib/ruby/gems/1.8/gems/activesupport-2.0.2/lib/active_support/core_ext/object/misc.rb:28:in `returning'
    C:/Ruby/lib/ruby/gems/1.8/gems/activerecord-2.0.2/lib/active_record/connection_adapters/sqlite3_adapter.rb:28:in `table_structure'
    C:/Ruby/lib/ruby/gems/1.8/gems/activerecord-2.0.2/lib/active_record/connection_adapters/sqlite_adapter.rb:189:in `columns'
    C:/Ruby/lib/ruby/gems/1.8/gems/activerecord-2.0.2/lib/active_record/base.rb:1080:in `columns'
    C:/Ruby/lib/ruby/gems/1.8/gems/activerecord-2.0.2/lib/active_record/base.rb:1088:in `columns_hash'
    C:/Ruby/lib/ruby/gems/1.8/gems/actionpack-2.0.2/lib/action_controller/session/active_record_store.rb:105:in `setup_sessid_compatibility!'
    C:/Ruby/lib/ruby/gems/1.8/gems/actionpack-2.0.2/lib/action_controller/session/active_record_store.rb:79:in `find_by_session_id'
    C:/Ruby/lib/ruby/gems/1.8/gems/actionpack-2.0.2/lib/action_controller/session/active_record_store.rb:284:in `initialize'
    C:/Ruby/lib/ruby/gems/1.8/gems/activerecord-2.0.2/lib/active_record/base.rb:1198:in `silence'
    C:/Ruby/lib/ruby/gems/1.8/gems/actionpack-2.0.2/lib/action_controller/session/active_record_store.rb:284:in `initialize'
    C:/Ruby/lib/ruby/1.8/cgi/session.rb:273:in `new'
    C:/Ruby/lib/ruby/1.8/cgi/session.rb:273:in `initialize_without_cgi_reader'
    C:/Ruby/lib/ruby/gems/1.8/gems/actionpack-2.0.2/lib/action_controller/cgi_ext/session.rb:39:in `initialize'
    C:/Ruby/lib/ruby/gems/1.8/gems/actionpack-2.0.2/lib/action_controller/cgi_process.rb:130:in `new'
    C:/Ruby/lib/ruby/gems/1.8/gems/actionpack-2.0.2/lib/action_controller/cgi_process.rb:130:in `session'
    C:/Ruby/lib/ruby/gems/1.8/gems/actionpack-2.0.2/lib/action_controller/cgi_process.rb:166:in `stale_session_check!'
    C:/Ruby/lib/ruby/gems/1.8/gems/actionpack-2.0.2/lib/action_controller/cgi_process.rb:114:in `session'
    C:/Ruby/lib/ruby/gems/1.8/gems/actionpack-2.0.2/lib/action_controller/base.rb:1131:in `assign_shortcuts_without_flash'
    C:/Ruby/lib/ruby/gems/1.8/gems/actionpack-2.0.2/lib/action_controller/flash.rb:167:in `assign_shortcuts'
    C:/Ruby/lib/ruby/gems/1.8/gems/actionpack-2.0.2/lib/action_controller/base.rb:518:in `process_without_filters'
    C:/Ruby/lib/ruby/gems/1.8/gems/actionpack-2.0.2/lib/action_controller/filters.rb:685:in `process_without_session_management_support'
    C:/Ruby/lib/ruby/gems/1.8/gems/actionpack-2.0.2/lib/action_controller/session_management.rb:123:in `process'
    C:/Ruby/lib/ruby/gems/1.8/gems/actionpack-2.0.2/lib/action_controller/base.rb:388:in `process'
    C:/Ruby/lib/ruby/gems/1.8/gems/actionpack-2.0.2/lib/action_controller/dispatcher.rb:171:in `handle_request'
    C:/Ruby/lib/ruby/gems/1.8/gems/actionpack-2.0.2/lib/action_controller/dispatcher.rb:115:in `dispatch'
    C:/Ruby/lib/ruby/gems/1.8/gems/actionpack-2.0.2/lib/action_controller/dispatcher.rb:126:in `dispatch_cgi'
    C:/Ruby/lib/ruby/gems/1.8/gems/actionpack-2.0.2/lib/action_controller/dispatcher.rb:9:in `dispatch'
    C:/Ruby/lib/ruby/gems/1.8/gems/rails-2.0.2/lib/webrick_server.rb:112:in `handle_dispatch'
    C:/Ruby/lib/ruby/gems/1.8/gems/rails-2.0.2/lib/webrick_server.rb:78:in `service'
    C:/Ruby/lib/ruby/1.8/webrick/httpserver.rb:104:in `service'
    C:/Ruby/lib/ruby/1.8/webrick/httpserver.rb:65:in `run'
    C:/Ruby/lib/ruby/1.8/webrick/server.rb:173:in `start_thread'
    C:/Ruby/lib/ruby/1.8/webrick/server.rb:162:in `start'
    C:/Ruby/lib/ruby/1.8/webrick/server.rb:162:in `start_thread'
    C:/Ruby/lib/ruby/1.8/webrick/server.rb:95:in `start'
    C:/Ruby/lib/ruby/1.8/webrick/server.rb:92:in `each'
    C:/Ruby/lib/ruby/1.8/webrick/server.rb:92:in `start'
    C:/Ruby/lib/ruby/1.8/webrick/server.rb:23:in `start'
    C:/Ruby/lib/ruby/1.8/webrick/server.rb:82:in `start'
    C:/Ruby/lib/ruby/gems/1.8/gems/rails-2.0.2/lib/webrick_server.rb:62:in `dispatch'
    C:/Ruby/lib/ruby/gems/1.8/gems/rails-2.0.2/lib/commands/servers/webrick.rb:66
    C:/Ruby/lib/ruby/site_ruby/1.8/rubygems/custom_require.rb:31:in `gem_original_require'
    C:/Ruby/lib/ruby/site_ruby/1.8/rubygems/custom_require.rb:31:in `require'
    C:/Ruby/lib/ruby/gems/1.8/gems/activesupport-2.0.2/lib/active_support/dependencies.rb:496:in `require'
    C:/Ruby/lib/ruby/gems/1.8/gems/activesupport-2.0.2/lib/active_support/dependencies.rb:342:in `new_constants_in'
    C:/Ruby/lib/ruby/gems/1.8/gems/activesupport-2.0.2/lib/active_support/dependencies.rb:496:in `require'
    C:/Ruby/lib/ruby/gems/1.8/gems/rails-2.0.2/lib/commands/server.rb:39
    C:/Ruby/lib/ruby/site_ruby/1.8/rubygems/custom_require.rb:31:in `gem_original_require'
    C:/Ruby/lib/ruby/site_ruby/1.8/rubygems/custom_require.rb:31:in `require'
    script/server:3
